2025-08-21 00:36:50,924 INFO [launcher] -----------------------------------------------
2025-08-21 00:36:50,933 INFO [launcher] Start "cstrike.exe"
2025-08-21 00:36:50,933 INFO [launcher] Version: 2.3.5
2025-08-21 00:36:50,941 INFO [launcher] Finishing launcher update
2025-08-21 00:36:50,941 INFO [launcher] Finishing launcher update: nothing to do
2025-08-21 00:36:50,941 INFO [launcher] Branch: fullserversu
2025-08-21 00:36:51,056 INFO [launcher] Run updater
2025-08-21 00:36:51,056 INFO [launcher] Requesting remote config from server
2025-08-21 00:36:51,729 INFO [launcher] Restoring from backup
2025-08-21 00:36:51,729 INFO [launcher]   nothing to do
2025-08-21 00:36:51,729 INFO [launcher] Clearing backup folder
2025-08-21 00:36:51,729 INFO [launcher] Requesting file list from server
2025-08-21 00:36:52,125 INFO [launcher] Gathering files that need to be updated
2025-08-21 00:36:52,134 INFO [launcher]   files to update:
2025-08-21 00:36:52,134 INFO [launcher]   cstrike\commandmenu.txt
2025-08-21 00:36:52,134 INFO [launcher]   valve\resource\valve_russian.txt
2025-08-21 00:36:52,134 INFO [launcher]   cstrike\gfx\vgui2\800cornerborder_half1.tga
2025-08-21 00:36:52,134 INFO [launcher]   FileSystem_Proxy.dll
2025-08-21 00:36:52,134 INFO [launcher]   valve\resource\gameui_english.txt
2025-08-21 00:36:52,134 INFO [launcher]   cstrike\dlls\mp.dll
2025-08-21 00:36:52,134 INFO [launcher]   cstrike\resource\OptionsSubMultiplayer.res
2025-08-21 00:36:52,134 INFO [launcher]   SDL2.dll
2025-08-21 00:36:52,134 INFO [launcher]   cstrike\resource\TrackerScheme.res
2025-08-21 00:36:52,134 INFO [launcher]   cstrike\gfx\shell\kb_act.lst
2025-08-21 00:36:52,134 INFO [launcher]   cstrike\cl_dlls\GameUI.dll
2025-08-21 00:36:52,134 INFO [launcher]   cstrike\gfx\vgui2\800cornerborder_half3.tga
2025-08-21 00:36:52,134 INFO [launcher]   cstrike_new.exe
2025-08-21 00:36:52,134 INFO [launcher]   nitro_api2.dll
2025-08-21 00:36:52,134 INFO [launcher]   cstrike\userconfig.cfg
2025-08-21 00:36:52,134 INFO [launcher]   cstrike\cl_dlls\client_mini.dll
2025-08-21 00:36:52,134 INFO [launcher]   valve\resource\valve_english.txt
2025-08-21 00:36:52,134 INFO [launcher]   cstrike\gfx\shell\kb_def.lst
2025-08-21 00:36:52,134 INFO [launcher]   cstrike\gfx\vgui2\800corner1.tga
2025-08-21 00:36:52,134 INFO [launcher]   cstrike\gfx\vgui2\800corner2.tga
2025-08-21 00:36:52,134 INFO [launcher]   cstrike\gfx\vgui2\800corner3.tga
2025-08-21 00:36:52,134 INFO [launcher]   valve\resource\valve_spanish.txt
2025-08-21 00:36:52,134 INFO [launcher]   cstrike\gfx\vgui2\800corner4.tga
2025-08-21 00:36:52,134 INFO [launcher]   cstrike\gfx\vgui2\800cornerborder1.tga
2025-08-21 00:36:52,134 INFO [launcher]   cstrike\gfx\vgui2\800cornerborder2.tga
2025-08-21 00:36:52,134 INFO [launcher]   cstrike\gfx\vgui2\800cornerborder3.tga
2025-08-21 00:36:52,134 INFO [launcher]   cstrike\resource\cstrike_spanish.txt
2025-08-21 00:36:52,134 INFO [launcher]   cstrike\gfx\vgui2\800cornerborder4.tga
2025-08-21 00:36:52,134 INFO [launcher]   cstrike\resource\schemes\TrackerScheme_Source.res
2025-08-21 00:36:52,134 INFO [launcher]   cstrike\gfx\vgui2\800cornerborder_half2.tga
2025-08-21 00:36:52,134 INFO [launcher]   cstrike\resource\MultiplayerAdvancedDialog.res
2025-08-21 00:36:52,134 INFO [launcher]   cstrike\gfx\vgui2\800cornerborder_half4.tga
2025-08-21 00:36:52,134 INFO [launcher]   cstrike\resource\OptionsSubVideo.res
2025-08-21 00:36:52,134 INFO [launcher]   cstrike\gfx\vgui2\logo_steam.tga
2025-08-21 00:36:52,134 INFO [launcher]   cstrike\resource\CreateMultiplayerGameBotPage.res
2025-08-21 00:36:52,134 INFO [launcher]   cstrike\resource\CreateMultiplayerGameServerPage.res
2025-08-21 00:36:52,134 INFO [launcher]   cstrike\resource\OptionsSubMiscellaneous.res
2025-08-21 00:36:52,134 INFO [launcher]   cstrike\resource\VideoAvancedDialog.res
2025-08-21 00:36:52,134 INFO [launcher]   cstrike\resource\cstrike_english.txt
2025-08-21 00:36:52,134 INFO [launcher]   cstrike\resource\nextclient_english.txt
2025-08-21 00:36:52,134 INFO [launcher]   cstrike\resource\cstrike_russian.txt
2025-08-21 00:36:52,134 INFO [launcher]   cstrike\resource\cstrike_ukrainian.txt
2025-08-21 00:36:52,134 INFO [launcher]   cstrike\resource\nextclient_russian.txt
2025-08-21 00:36:52,134 INFO [launcher]   valve\resource\gameui_russian.txt
2025-08-21 00:36:52,134 INFO [launcher]   cstrike\resource\nextclient_ukrainian.txt
2025-08-21 00:36:52,134 INFO [launcher]   cstrike\resource\schemes\TrackerScheme_ClassicPlus.res
2025-08-21 00:36:52,134 INFO [launcher]   cstrike\sprites\kill_rarity.spr
2025-08-21 00:36:52,134 INFO [launcher]   platform\servers\InternetGamesPage.res
2025-08-21 00:36:52,134 INFO [launcher]   next_engine_mini.dll
2025-08-21 00:36:52,134 INFO [launcher]   steam_api.dll
2025-08-21 00:36:52,134 INFO [launcher]   next_lib.dll
2025-08-21 00:36:52,134 INFO [launcher]   platform\servers\InternetGamesPage_Filters.res
2025-08-21 00:36:52,134 INFO [launcher]   platform\steam\steam_api.dll
2025-08-21 00:36:52,134 INFO [launcher]   valve\resource\gameui_spanish.txt
2025-08-21 00:36:52,134 INFO [launcher]   valve\resource\OptionsSubMouse.res
2025-08-21 00:36:52,134 INFO [launcher]   valve\resource\OptionsSubVideo.res
2025-08-21 00:36:52,134 INFO [launcher]   valve\resource\OptionsSubVoice.res
2025-08-21 00:36:52,134 INFO [launcher]   valve\resource\gameui_ukrainian.txt
2025-08-21 00:36:52,134 INFO [launcher]   valve\resource\valve_ukrainian.txt
2025-08-21 00:36:52,134 INFO [launcher] Creating a backup
2025-08-21 00:36:52,134 INFO [launcher] Opening files to install
2025-08-21 00:36:52,208 INFO [launcher] Downloading an update
2025-08-21 00:37:12,505 INFO [launcher] Installing an update
2025-08-21 00:37:12,582 INFO [launcher] Clearing backup folder
2025-08-21 00:37:12,786 INFO [launcher] Updater done: RunNewGame
2025-08-21 00:37:15,874 INFO [launcher] Exit
